<?xml version="1.0" encoding="UTF-8"?>
<!-- Generated by org.testng.reporters.JUnitReportReporter -->
<testsuite skipped="0" hostname="E0366482" name="Test.Test11" tests="2" failures="0" timestamp="23 Feb 2018 13:04:58 GMT" time="0.025" errors="0">
  <testcase name="Dummy_test_to_pass" time="0.002" classname="Test.Test11"/>
  <testcase name="Dummy_test_to_fail" time="0.023" classname="Test.Test11"/>
</testsuite> <!-- Test.Test11 -->
